Java HotSpot(TM) 64-Bit Server VM warning: ignoring option PermSize=32m; support was removed in 8.0
Java HotSpot(TM) 64-Bit Server VM warning: ignoring option MaxPermSize=256m; support was removed in 8.0
2018-03-26 09:08:25.694/1.301 Oracle Coherence 12.2.1.0.0 <Info> (thread=main, member=n/a): Loaded operational configuration from "jar:file:/app/developerTools/oracle/Oracle_Home/coherence/lib/coherence.jar!/tangosol-coherence.xml"
2018-03-26 09:08:25.733/1.341 Oracle Coherence 12.2.1.0.0 <Info> (thread=main, member=n/a): Loaded operational overrides from "jar:file:/app/developerTools/oracle/Oracle_Home/coherence/lib/coherence.jar!/tangosol-coherence-override-dev.xml"
2018-03-26 09:08:25.734/1.342 Oracle Coherence 12.2.1.0.0 <D5> (thread=main, member=n/a): Optional configuration override "/tangosol-coherence-override.xml" is not specified
2018-03-26 09:08:25.737/1.344 Oracle Coherence 12.2.1.0.0 <D5> (thread=main, member=n/a): Optional configuration override "cache-factory-config.xml" is not specified
2018-03-26 09:08:25.737/1.345 Oracle Coherence 12.2.1.0.0 <D5> (thread=main, member=n/a): Optional configuration override "cache-factory-builder-config.xml" is not specified
2018-03-26 09:08:25.738/1.345 Oracle Coherence 12.2.1.0.0 <D5> (thread=main, member=n/a): Optional configuration override "/custom-mbeans.xml" is not specified

Oracle Coherence Version 12.2.1.0.0 Build 60603
 Grid Edition: Development mode
Copyright (c) 2000, 2015, Oracle and/or its affiliates. All rights reserved.

2018-03-26 09:08:25.815/1.422 Oracle Coherence GE 12.2.1.0.0 <Info> (thread=main, member=n/a): Loaded FMW commons version: 12.2.1-0-0-SNAPSHOT b60603
2018-03-26 09:08:25.817/1.425 Oracle Coherence GE 12.2.1.0.0 <Info> (thread=main, member=n/a): Created cache factory com.tangosol.net.DefaultConfigurableCacheFactory
2018-03-26 09:08:25.962/1.569 Oracle Coherence GE 12.2.1.0.0 <Info> (thread=main, member=n/a): The cluster name has not been configured, a value of "stp's cluster" has been automatically generated
mar 26, 2018 9:08:26 AM oracle.dms.instrument.Noun findOrCreateByPath
ADVERTÊNCIA: Tentativa de criar um nome /DMS-Internal preexistente, do tipo n/a, com um tipo de conflito n/d.
mar 26, 2018 9:08:26 AM oracle.soa.scac.ValidateComposite loadWSDLs
ADVERTÊNCIA: Validating WSDLs from WSDLManager....  with option UseSoaInfraMds:false
mar 26, 2018 9:08:26 AM oracle.fabric.common.wsdl.SchemaManager isIncrementalBuildSupported
INFORMAÇÕES: XMLSchema incremental build enabled.
